

Sent in levelup(707441351784136726)

GG <@!620712929850949644>, you just advanced to level 1!

Sent in levelup(707441351784136726)

GG <@!390145465322176512>, you just advanced to level 3!

Sent in levelup(707441351784136726)

GG <@!574340242815844353>, you just advanced to level 1!

Sent in levelup(707441351784136726)

GG <@!475149822366580744>, you just advanced to level 25!

Sent in admin-issues(705283503163572256)



Sent in admin-issues(705283503163572256)



Sent in admin-issues(705283503163572256)



Sent in admin-issues(705283503163572256)

Dank Memer: https://invite.dankmemer.lol

Sent in admin-issues(705283503163572256)

Dank Memer Official: https://discord.gg/meme

Sent in levelup(707441351784136726)

GG <@!605386025921019934>, you just advanced to level 1!

Sent in levelup(707441351784136726)

GG <@!384482634040082443>, you just advanced to level 1!

Sent in levelup(707441351784136726)

GG <@!483281125418991638>, you just advanced to level 9!

Sent in ⬆levelup(707441351784136726)

GG <@!664332634981400576>, you just advanced to level 28!

Sent in ❗admin-issues(705283503163572256)

Dank Memer Official: https://discord.gg/meme

Sent in 🤖other-bot-commands(704840766656348176)



Sent in ⬆levelup(707441351784136726)

GG <@!674057427162890250>, you just advanced to level 23!

Sent in ⬆levelup(707441351784136726)

GG <@!475149822366580744>, you just advanced to level 30!

Sent in ⬆levelup(707441351784136726)

GG <@!461560462991949863>, you just advanced to level 1!

Sent in ⬆levelup(707441351784136726)

GG <@!606469401167921154>, you just advanced to level 4!

Sent in 🤖other-bot-commands(704840766656348176)



Sent in ⬆levelup(707441351784136726)

GG <@!686509862129106944>, you just advanced to level 1!

Sent in ⬆levelup(707441351784136726)

GG <@!481783822342553601>, you just advanced to level 2!

Sent in ⬆levelup(707441351784136726)

GG <@!390145465322176512>, you just advanced to level 9!

Sent in ⬆levelup(707441351784136726)

GG <@!692905952994918422>, you just advanced to level 1!

Sent in ⬆levelup(707441351784136726)

GG <@!692905952994918422>, you just advanced to level 2!

Sent in ❗admin-issues(705283503163572256)



Sent in ⬆levelup(707441351784136726)

GG <@!692905952994918422>, you just advanced to level 3!

Sent in ⬆levelup(707441351784136726)

GG <@!477759957140242434>, you just advanced to level 4!

Sent in ⬆levelup(707441351784136726)

GG <@!567693823740739584>, you just advanced to level 3!

Sent in ⬆levelup(707441351784136726)

GG <@!489054144594706443>, you just advanced to level 1!

Sent in ⬆levelup(707441351784136726)

GG <@!552316851477020729>, you just advanced to level 1!

Sent in 👾chat(725560959854313542)



Sent in 👾chat(725560959854313542)



Sent in ⬆levelup(707441351784136726)

GG <@!711481544023212134>, you just advanced to level 1!

Sent in ⬆levelup(707441351784136726)

GG <@!692905952994918422>, you just advanced to level 4!

Sent in ⬆levelup(707441351784136726)

GG <@!306005925351653376>, you just advanced to level 1!

Sent in ⬆levelup(707441351784136726)

GG <@!704364108610535521>, you just advanced to level 1!

Sent in ⬆levelup(707441351784136726)

GG <@!704660117391409263>, you just advanced to level 1!

Sent in ⬆levelup(707441351784136726)

GG <@!664332634981400576>, you just advanced to level 37!

Sent in ⬆levelup(707441351784136726)

GG <@!647156794413547560>, you just advanced to level 4!

Sent in ⬆levelup(707441351784136726)

GG <@!704364108610535521>, you just advanced to level 2!

Sent in ⬆levelup(707441351784136726)

GG <@!493026336802340865>, you just advanced to level 1!

Sent in ⬆levelup(707441351784136726)

GG <@!692905952994918422>, you just advanced to level 5!

Sent in ⬆levelup(707441351784136726)

GG <@!493026336802340865>, you just advanced to level 2!

Sent in ⬆levelup(707441351784136726)

GG <@!647156794413547560>, you just advanced to level 5!

Sent in ⬆levelup(707441351784136726)

GG <@!475149822366580744>, you just advanced to level 31!

Sent in ⬆levelup(707441351784136726)

GG <@!489054144594706443>, you just advanced to level 2!

Sent in ⬆levelup(707441351784136726)

GG <@!489054144594706443>, you just advanced to level 3!

Sent in ⬆levelup(707441351784136726)

GG <@!692905952994918422>, you just advanced to level 6!

Sent in ⬆levelup(707441351784136726)

GG <@!477759957140242434>, you just advanced to level 5!

Sent in ⬆levelup(707441351784136726)

GG <@!711453484213600368>, you just advanced to level 1!

Sent in ⬆levelup(707441351784136726)

GG <@!692905952994918422>, you just advanced to level 7!

Sent in ⬆levelup(707441351784136726)

GG <@!489054144594706443>, you just advanced to level 4!

Sent in secret-chat-for-sst(728037905377001523)



Sent in secret-chat-for-sst(728037905377001523)



Sent in ⬆levelup(707441351784136726)

GG <@!415696655728508928>, you just advanced to level 4!

Sent in ⬆levelup(707441351784136726)

GG <@!692905952994918422>, you just advanced to level 8!

Sent in ⬆levelup(707441351784136726)

GG <@!723431655053983834>, you just advanced to level 1!

Sent in ⬆levelup(707441351784136726)

GG <@!390145465322176512>, you just advanced to level 10!

Sent in ⬆levelup(707441351784136726)

GG <@!606469401167921154>, you just advanced to level 5!

Sent in ⬆levelup(707441351784136726)

GG <@!489054144594706443>, you just advanced to level 5!

Sent in ⬆levelup(707441351784136726)

GG <@!477759957140242434>, you just advanced to level 6!

Sent in ⬆levelup(707441351784136726)

GG <@!729974057205891073>, you just advanced to level 1!

Sent in ⬆levelup(707441351784136726)

GG <@!729974057205891073>, you just advanced to level 2!

Sent in ⬆levelup(707441351784136726)

GG <@!475149822366580744>, you just advanced to level 32!

Sent in ⬆levelup(707441351784136726)

GG <@!729974057205891073>, you just advanced to level 3!

Sent in ⬆levelup(707441351784136726)

GG <@!729974057205891073>, you just advanced to level 4!

Sent in ⬆levelup(707441351784136726)

GG <@!729974057205891073>, you just advanced to level 5!

Sent in ⬆levelup(707441351784136726)

GG <@!729974057205891073>, you just advanced to level 6!

Sent in ⬆levelup(707441351784136726)

GG <@!729974057205891073>, you just advanced to level 7!

Sent in ⬆levelup(707441351784136726)

GG <@!729974057205891073>, you just advanced to level 8!

Sent in ⬆levelup(707441351784136726)

GG <@!734295014548701185>, you just advanced to level 2!

Sent in ⬆levelup(707441351784136726)

GG <@!711451161110118441>, you just advanced to level 5!

Sent in ⬆levelup(707441351784136726)

GG <@!390145465322176512>, you just advanced to level 12!