

Sent in unbelievaboat(711741150289199184)

I require the permissions: `Embed links, Use external emojis`.

Make sure to check all the other roles I have for that permission and remember to check channel-specific permissions.
Thank you.

Sent in unbelievaboat(711741150289199184)

__**Command List**__
<https://unbelievaboat.com/commands>

__**Support Server**__
https://discord.gg/YMJ2dGp
Ask questions in the #support channel

__**Help Command Usage**__
`help [command or module]` - provides help for a command or lists all commands in a module
`help modules` - lists all modules

Sent in unbelievaboat(711741150289199184)

My command prefix is `!` or `u!`
Example: `!help`

You can also mention the bot instead of using a prefix. 
Example: `@UnbelievaBoat#1046 help`

Sent in unbelievaboat(711741150289199184)

<:check:338071972476878848> The bot command prefix has been changed to `` u ``

Sent in unbelievaboat(711741150289199184)

__**Command List**__
<https://unbelievaboat.com/commands>

__**Support Server**__
https://discord.gg/YMJ2dGp
Ask questions in the #support channel

__**Help Command Usage**__
`help [command or module]` - provides help for a command or lists all commands in a module
`help modules` - lists all modules

Sent in goodbye(718797476571774976)

Goodbye Yakiro#5119, you will be missed from OrangeEcho. We hope you enjoyed your time here!

Sent in welcome(686400252340600858)

Welcome <@230139547114012672> to OrangeEcho. We now have 124 members! Please go to <#685056766118985733> and react. **ONLY** after that will you be able to see <#685071565963919365> to react for different bot channels. Enjoy your stay here! If you have any questions, feel free to open **A** ticket in <#684320924031385611> and we will reply you ASAP!

Sent in 🤔unbelievaboat-no-cd(722468882241290360)



Sent in 🤔unbelievaboat-no-cd(722468882241290360)



Sent in 🤔unbelievaboat-no-cd(722468882241290360)



Sent in ❗admin-issues(705283503163572256)



Sent in ❗admin-issues(705283503163572256)



Sent in ❗admin-issues(705283503163572256)



Sent in 🤔unbelievaboat-no-cd(722468882241290360)

Are you sure you want to reset everyone's money back to 0? (yes/no)

Sent in 🤔unbelievaboat-no-cd(722468882241290360)



Sent in welcome(686400252340600858)

Welcome <@708861273915392144> to OrangeEcho. We now have 127 members! Please go to <#685056766118985733> and react. ONLY after that will you be able to see <#685071565963919365> to react for different bot channels. If you have any questions, feel free to DM <@!714001186897788934> , if the bot is offline, please DM one of the staff. If the bot is online state your issue and we will try to reply ASAP. Enjoy your stay here!!

Sent in welcome(686400252340600858)

Welcome <@461560462991949863> to OrangeEcho. We now have 127 members! Please go to <#685056766118985733> and react. ONLY after that will you be able to see <#685071565963919365> to react for different bot channels. If you have any questions, feel free to DM <@!714001186897788934> , if the bot is offline, please DM one of the staff. If the bot is online state your issue and we will try to reply ASAP. Enjoy your stay here!!

Sent in goodbye(718797476571774976)

Goodbye Daniel💻#7205, you will be missed from OrangeEcho. We hope you enjoyed your time here!

Sent in welcome(686400252340600858)

Welcome <@461560462991949863> to OrangeEcho. We now have 127 members! Please go to <#685056766118985733> and react. ONLY after that will you be able to see <#685071565963919365> to react for different bot channels. If you have any questions, feel free to DM <@!714001186897788934> , if the bot is offline, please DM one of the staff. If the bot is online state your issue and we will try to reply ASAP. Enjoy your stay here!!

Sent in welcome(686400252340600858)

Welcome <@705593129402892298> to OrangeEcho. We now have 128 members! Please go to <#685056766118985733> and react. ONLY after that will you be able to see <#685071565963919365> to react for different bot channels. If you have any questions, feel free to DM <@!714001186897788934> , if the bot is offline, please DM one of the staff. If the bot is online state your issue and we will try to reply ASAP. Enjoy your stay here!!

Sent in goodbye(718797476571774976)

Goodbye ol#8888, you will be missed from OrangeEcho. We hope you enjoyed your time here!

Sent in welcome(686400252340600858)

Welcome <@591067325424467998> to OrangeEcho. We now have 128 members! Please go to <#685056766118985733> and react. ONLY after that will you be able to see <#685071565963919365> to react for different bot channels. If you have any questions, feel free to DM <@!714001186897788934> , if the bot is offline, please DM one of the staff. If the bot is online state your issue and we will try to reply ASAP. Enjoy your stay here!!

Sent in goodbye(718797476571774976)

Goodbye Da Smog Janita'#4547, you will be missed from OrangeEcho. We hope you enjoyed your time here!

Sent in goodbye(718797476571774976)

Goodbye 6ql#7612, you will be missed from OrangeEcho. We hope you enjoyed your time here!

Sent in 🗣chat-room(695939725034258462)



Sent in goodbye(718797476571774976)

Goodbye Frodo#9149, you will be missed from OrangeEcho. We hope you enjoyed your time here!

Sent in welcome(686400252340600858)

Welcome <@698952526208303264> to OrangeEcho. We now have 125 members! Please go to <#685056766118985733> and react. ONLY after that will you be able to see <#685071565963919365> to react for different bot channels. If you have any questions, feel free to DM <@!714001186897788934> , if the bot is offline, please DM one of the staff. If the bot is online state your issue and we will try to reply ASAP. Enjoy your stay here!!

Sent in welcome(686400252340600858)

Welcome <@552316851477020729> to OrangeEcho. We now have 126 members! Please go to <#685056766118985733> and react. ONLY after that will you be able to see <#685071565963919365> to react for different bot channels. If you have any questions, feel free to DM <@!714001186897788934> , if the bot is offline, please DM one of the staff. If the bot is online state your issue and we will try to reply ASAP. Enjoy your stay here!!

Sent in welcome(686400252340600858)

Welcome <@500506624860094474> to OrangeEcho. We now have 127 members! Please go to <#685056766118985733> and react. ONLY after that will you be able to see <#685071565963919365> to react for different bot channels. If you have any questions, feel free to DM <@!714001186897788934> , if the bot is offline, please DM one of the staff. If the bot is online state your issue and we will try to reply ASAP. Enjoy your stay here!!

Sent in goodbye(718797476571774976)

Goodbye daintily#9067, you will be missed from OrangeEcho. We hope you enjoyed your time here!

Sent in welcome(686400252340600858)

Welcome <@692905952994918422> to OrangeEcho. We now have 127 members! Please go to <#685056766118985733> and react. ONLY after that will you be able to see <#685071565963919365> to react for different bot channels. If you have any questions, feel free to DM <@!714001186897788934> , if the bot is offline, please DM one of the staff. If the bot is online state your issue and we will try to reply ASAP. Enjoy your stay here!!

Sent in welcome(686400252340600858)

Welcome <@725355643837480960> to OrangeEcho. We now have 128 members! Please go to <#685056766118985733> and react. ONLY after that will you be able to see <#685071565963919365> to react for different bot channels. If you have any questions, feel free to DM <@!714001186897788934> , if the bot is offline, please DM one of the staff. If the bot is online state your issue and we will try to reply ASAP. Enjoy your stay here!!

Sent in welcome(686400252340600858)

Welcome <@723431655053983834> to OrangeEcho. We now have 130 members! Please go to <#685056766118985733> and react. ONLY after that will you be able to see <#685071565963919365> to react for different bot channels. If you have any questions, feel free to DM <@!714001186897788934> , if the bot is offline, please DM one of the staff. If the bot is online state your issue and we will try to reply ASAP. Enjoy your stay here!!

Sent in welcome(686400252340600858)

Welcome <@489054144594706443> to OrangeEcho. We now have 131 members! Please go to <#685056766118985733> and react. ONLY after that will you be able to see <#685071565963919365> to react for different bot channels. If you have any questions, feel free to DM <@!714001186897788934> , if the bot is offline, please DM one of the staff. If the bot is online state your issue and we will try to reply ASAP. Enjoy your stay here!!

Sent in welcome(686400252340600858)

Welcome <@493026336802340865> to OrangeEcho. We now have 132 members! Please go to <#685056766118985733> and react. ONLY after that will you be able to see <#685071565963919365> to react for different bot channels. If you have any questions, feel free to DM <@!714001186897788934> , if the bot is offline, please DM one of the staff. If the bot is online state your issue and we will try to reply ASAP. Enjoy your stay here!!

Sent in welcome(686400252340600858)

Welcome <@703964078351187990> to OrangeEchoSauce. We now have 133 members! Please go to <#685056766118985733> and react. ONLY after that will you be able to see <#685071565963919365> to react for different bot channels. If you have any questions, feel free to DM <@!714001186897788934> , if the bot is offline, please DM one of the staff. If the bot is online state your issue and we will try to reply ASAP. Enjoy your stay here!!

Sent in goodbye(718797476571774976)

Goodbye Meep_Meep#2886, you will be missed from OrangeEcho. We hope you enjoyed your time here!

Sent in goodbye(718797476571774976)

Goodbye Daniel💻#7205, you will be missed from OrangeEcho. We hope you enjoyed your time here!

Sent in goodbye(718797476571774976)

Goodbye Avery R#0008, you will be missed from OrangeEcho. We hope you enjoyed your time here!

Sent in welcome(686400252340600858)

Welcome <@711481544023212134> to OrangeEchoSauce. We now have 131 members! Please go to <#685056766118985733> and react. ONLY after that will you be able to see <#685071565963919365> to react for different bot channels. If you have any questions, feel free to DM <@!714001186897788934> , if the bot is offline, please DM one of the staff. If the bot is online state your issue and we will try to reply ASAP. Enjoy your stay here!!

Sent in goodbye(718797476571774976)

Goodbye Animated Whale#7205, you will be missed from OrangeEcho. We hope you enjoyed your time here!

Sent in goodbye(718797476571774976)

Goodbye $~brii#4806, you will be missed from OrangeEcho. We hope you enjoyed your time here!

Sent in goodbye(718797476571774976)

Goodbye AlphaUniqu3#8912, you will be missed from OrangeEcho. We hope you enjoyed your time here!

Sent in welcome(686400252340600858)

Welcome <@306005925351653376> to OrangeEchoSauce. We now have 129 members! Please go to <#685056766118985733> and react. ONLY after that will you be able to see <#685071565963919365> to react for different bot channels. If you have any questions, feel free to DM <@!714001186897788934> , if the bot is offline, please DM one of the staff. If the bot is online state your issue and we will try to reply ASAP. Enjoy your stay here!!

Sent in welcome(686400252340600858)

Welcome <@704618003614138398> to OrangeEchoSauce. We now have 130 members! Please go to <#685056766118985733> and react. ONLY after that will you be able to see <#685071565963919365> to react for different bot channels. If you have any questions, feel free to DM <@!714001186897788934> , if the bot is offline, please DM one of the staff. If the bot is online state your issue and we will try to reply ASAP. Enjoy your stay here!!

Sent in welcome(686400252340600858)

Welcome <@664961569028833292> to OrangeEchoSauce. We now have 131 members! Please go to <#685056766118985733> and react. ONLY after that will you be able to see <#685071565963919365> to react for different bot channels. If you have any questions, feel free to DM <@!714001186897788934> , if the bot is offline, please DM one of the staff. If the bot is online state your issue and we will try to reply ASAP. Enjoy your stay here!!

Sent in welcome(686400252340600858)

Welcome <@673476726826860554> to OrangeEchoSauce. We now have 132 members! Please go to <#685056766118985733> and react. ONLY after that will you be able to see <#685071565963919365> to react for different bot channels. If you have any questions, feel free to DM <@!714001186897788934> , if the bot is offline, please DM one of the staff. If the bot is online state your issue and we will try to reply ASAP. Enjoy your stay here!!

Sent in welcome(686400252340600858)

Welcome <@704660117391409263> to OrangeEchoSauce. We now have 133 members! Please go to <#685056766118985733> and react. ONLY after that will you be able to see <#685071565963919365> to react for different bot channels. If you have any questions, feel free to DM <@!714001186897788934> , if the bot is offline, please DM one of the staff. If the bot is online state your issue and we will try to reply ASAP. Enjoy your stay here!!

Sent in welcome(686400252340600858)

Welcome <@698186621241131018> to OrangeEchoSauce. We now have 134 members! Please go to <#685056766118985733> and react. ONLY after that will you be able to see <#685071565963919365> to react for different bot channels. If you have any questions, feel free to DM <@!714001186897788934> , if the bot is offline, please DM one of the staff. If the bot is online state your issue and we will try to reply ASAP. Enjoy your stay here!!

Sent in welcome(686400252340600858)

Welcome <@533941000041660426> to OrangeEchoSauce. We now have 135 members! Please go to <#685056766118985733> and react. ONLY after that will you be able to see <#685071565963919365> to react for different bot channels. If you have any questions, feel free to DM <@!714001186897788934> , if the bot is offline, please DM one of the staff. If the bot is online state your issue and we will try to reply ASAP. Enjoy your stay here!!

Sent in welcome(686400252340600858)

Welcome <@700184491196416011> to OrangeEchoSauce. We now have 136 members! Please go to <#685056766118985733> and react. ONLY after that will you be able to see <#685071565963919365> to react for different bot channels. If you have any questions, feel free to DM <@!714001186897788934> , if the bot is offline, please DM one of the staff. If the bot is online state your issue and we will try to reply ASAP. Enjoy your stay here!!

Sent in welcome(686400252340600858)

Welcome <@570200030536007710> to OrangeEchoSauce. We now have 137 members! Please go to <#685056766118985733> and react. ONLY after that will you be able to see <#685071565963919365> to react for different bot channels. If you have any questions, feel free to DM <@!714001186897788934> , if the bot is offline, please DM one of the staff. If the bot is online state your issue and we will try to reply ASAP. Enjoy your stay here!!

Sent in welcome(686400252340600858)

Welcome <@344154832124510208> to OrangeEchoSauce. We now have 138 members! Please go to <#685056766118985733> and react. ONLY after that will you be able to see <#685071565963919365> to react for different bot channels. If you have any questions, feel free to DM <@!714001186897788934> , if the bot is offline, please DM one of the staff. If the bot is online state your issue and we will try to reply ASAP. Enjoy your stay here!!

Sent in welcome(686400252340600858)

Welcome <@561873456715530255> to OrangeEchoSauce. We now have 140 members! Please go to <#685056766118985733> and react. ONLY after that will you be able to see <#685071565963919365> to react for different bot channels. If you have any questions, feel free to DM <@!714001186897788934> , if the bot is offline, please DM one of the staff. If the bot is online state your issue and we will try to reply ASAP. Enjoy your stay here!!

Sent in welcome(686400252340600858)

Welcome <@299961877536964620> to OrangeEchoSauce. We now have 140 members! Please go to <#685056766118985733> and react. ONLY after that will you be able to see <#685071565963919365> to react for different bot channels. If you have any questions, feel free to DM <@!714001186897788934> , if the bot is offline, please DM one of the staff. If the bot is online state your issue and we will try to reply ASAP. Enjoy your stay here!!

Sent in welcome(686400252340600858)

Welcome <@504169019763326978> to OrangeEchoSauce. We now have 141 members! Please go to <#685056766118985733> and react. ONLY after that will you be able to see <#685071565963919365> to react for different bot channels. If you have any questions, feel free to DM <@!714001186897788934> , if the bot is offline, please DM one of the staff. If the bot is online state your issue and we will try to reply ASAP. Enjoy your stay here!!

Sent in welcome(686400252340600858)

Welcome <@723831070684086303> to OrangeEchoSauce. We now have 142 members! Please go to <#685056766118985733> and react. ONLY after that will you be able to see <#685071565963919365> to react for different bot channels. If you have any questions, feel free to DM <@!714001186897788934> , if the bot is offline, please DM one of the staff. If the bot is online state your issue and we will try to reply ASAP. Enjoy your stay here!!

Sent in welcome(686400252340600858)

Welcome <@513064251716403211> to OrangeEchoSauce. We now have 143 members! Please go to <#685056766118985733> and react. ONLY after that will you be able to see <#685071565963919365> to react for different bot channels. If you have any questions, feel free to DM <@!714001186897788934> , if the bot is offline, please DM one of the staff. If the bot is online state your issue and we will try to reply ASAP. Enjoy your stay here!!

Sent in welcome(686400252340600858)

Welcome <@515291995389034528> to OrangeEchoSauce. We now have 144 members! Please go to <#685056766118985733> and react. ONLY after that will you be able to see <#685071565963919365> to react for different bot channels. If you have any questions, feel free to DM <@!714001186897788934> , if the bot is offline, please DM one of the staff. If the bot is online state your issue and we will try to reply ASAP. Enjoy your stay here!!

Sent in welcome(686400252340600858)

Welcome <@372900757545943040> to OrangeEchoSauce. We now have 145 members! Please go to <#685056766118985733> and react. ONLY after that will you be able to see <#685071565963919365> to react for different bot channels. If you have any questions, feel free to DM <@!714001186897788934> , if the bot is offline, please DM one of the staff. If the bot is online state your issue and we will try to reply ASAP. Enjoy your stay here!!

Sent in welcome(686400252340600858)

Welcome <@499180078740144138> to OrangeEchoSauce. We now have 146 members! Please go to <#685056766118985733> and react. ONLY after that will you be able to see <#685071565963919365> to react for different bot channels. If you have any questions, feel free to DM <@!714001186897788934> , if the bot is offline, please DM one of the staff. If the bot is online state your issue and we will try to reply ASAP. Enjoy your stay here!!

Sent in welcome(686400252340600858)

Welcome <@610782568584839168> to OrangeEchoSauce. We now have 147 members! Please go to <#685056766118985733> and react. ONLY after that will you be able to see <#685071565963919365> to react for different bot channels. If you have any questions, feel free to DM <@!714001186897788934> , if the bot is offline, please DM one of the staff. If the bot is online state your issue and we will try to reply ASAP. Enjoy your stay here!!

Sent in welcome(686400252340600858)

Welcome <@535410961209753602> to OrangeEchoSauce. We now have 148 members! Please go to <#685056766118985733> and react. ONLY after that will you be able to see <#685071565963919365> to react for different bot channels. If you have any questions, feel free to DM <@!714001186897788934> , if the bot is offline, please DM one of the staff. If the bot is online state your issue and we will try to reply ASAP. Enjoy your stay here!!

Sent in welcome(686400252340600858)

Welcome <@570088283833630735> to OrangeEchoSauce. We now have 149 members! Please go to <#685056766118985733> and react. ONLY after that will you be able to see <#685071565963919365> to react for different bot channels. If you have any questions, feel free to DM <@!714001186897788934> , if the bot is offline, please DM one of the staff. If the bot is online state your issue and we will try to reply ASAP. Enjoy your stay here!!

Sent in welcome(686400252340600858)

Welcome <@710331559051526174> to OrangeEchoSauce. We now have 150 members! Please go to <#685056766118985733> and react. ONLY after that will you be able to see <#685071565963919365> to react for different bot channels. If you have any questions, feel free to DM <@!714001186897788934> , if the bot is offline, please DM one of the staff. If the bot is online state your issue and we will try to reply ASAP. Enjoy your stay here!!

Sent in welcome(686400252340600858)

Welcome <@459536483293069342> to OrangeEchoSauce. We now have 151 members! Please go to <#685056766118985733> and react. ONLY after that will you be able to see <#685071565963919365> to react for different bot channels. If you have any questions, feel free to DM <@!714001186897788934> , if the bot is offline, please DM one of the staff. If the bot is online state your issue and we will try to reply ASAP. Enjoy your stay here!!

Sent in welcome(686400252340600858)

Welcome <@330469715522748417> to OrangeEchoSauce. We now have 152 members! Please go to <#685056766118985733> and react. ONLY after that will you be able to see <#685071565963919365> to react for different bot channels. If you have any questions, feel free to DM <@!714001186897788934> , if the bot is offline, please DM one of the staff. If the bot is online state your issue and we will try to reply ASAP. Enjoy your stay here!!

Sent in welcome(686400252340600858)

Welcome <@555021419524653066> to OrangeEchoSauce. We now have 152 members! Please go to <#685056766118985733> and react. ONLY after that will you be able to see <#685071565963919365> to react for different bot channels. If you have any questions, feel free to DM <@!714001186897788934> , if the bot is offline, please DM one of the staff. If the bot is online state your issue and we will try to reply ASAP. Enjoy your stay here!!

Sent in welcome(686400252340600858)

Welcome <@452784512057999371> to OrangeEchoSauce. We now have 153 members! Please go to <#685056766118985733> and react. ONLY after that will you be able to see <#685071565963919365> to react for different bot channels. If you have any questions, feel free to DM <@!714001186897788934> , if the bot is offline, please DM one of the staff. If the bot is online state your issue and we will try to reply ASAP. Enjoy your stay here!!

Sent in welcome(686400252340600858)

Welcome <@704364108610535521> to OrangeEchoSauce. We now have 154 members! Please go to <#685056766118985733> and react. ONLY after that will you be able to see <#685071565963919365> to react for different bot channels. If you have any questions, feel free to DM <@!714001186897788934> , if the bot is offline, please DM one of the staff. If the bot is online state your issue and we will try to reply ASAP. Enjoy your stay here!!

Sent in welcome(686400252340600858)

Welcome <@673476726826860554> to OrangeEchoSauce. We now have 153 members! Please go to <#685056766118985733> and react. ONLY after that will you be able to see <#685071565963919365> to react for different bot channels. If you have any questions, feel free to DM <@!714001186897788934> , if the bot is offline, please DM one of the staff. If the bot is online state your issue and we will try to reply ASAP. Enjoy your stay here!!

Sent in welcome(686400252340600858)

Welcome <@687627365517623304> to OrangeEchoSauce. We now have 152 members! Please go to <#685056766118985733> and react. ONLY after that will you be able to see <#685071565963919365> to react for different bot channels. If you have any questions, feel free to DM <@!714001186897788934> , if the bot is offline, please DM one of the staff. If the bot is online state your issue and we will try to reply ASAP. Enjoy your stay here!!

Sent in welcome(686400252340600858)

Welcome <@359264609963868161> to OrangeEchoSauce. We now have 152 members! Please go to <#685056766118985733> and react. ONLY after that will you be able to see <#685071565963919365> to react for different bot channels. If you have any questions, feel free to DM <@!714001186897788934> , if the bot is offline, please DM one of the staff. If the bot is online state your issue and we will try to reply ASAP. Enjoy your stay here!!

Sent in welcome(686400252340600858)

Welcome <@697689569876901899> to OrangeEchoSauce. We now have 145 members! Please go to <#685056766118985733> and react. ONLY after that will you be able to see <#685071565963919365> to react for different bot channels. If you have any questions, feel free to DM <@!714001186897788934> , if the bot is offline, please DM one of the staff. If the bot is online state your issue and we will try to reply ASAP. Enjoy your stay here!!

Sent in welcome(686400252340600858)

Welcome <@711890881845919816> to OrangeEchoSauce. We now have 130 members! Please go to <#685056766118985733> and react. ONLY after that will you be able to see <#685071565963919365> to react for different bot channels. If you have any questions, feel free to DM <@!714001186897788934> , if the bot is offline, please DM one of the staff. If the bot is online state your issue and we will try to reply ASAP. Enjoy your stay here!!

Sent in 🤔unbelievaboat(711741150289199184)



Sent in 🤔unbelievaboat(711741150289199184)



Sent in 🤔unbelievaboat(711741150289199184)



Sent in 🤔unbelievaboat(711741150289199184)



Sent in 🤔unbelievaboat(711741150289199184)



Sent in 🤔unbelievaboat-no-cd(722468882241290360)



Sent in 🤔unbelievaboat-no-cd(722468882241290360)



Sent in 🤔unbelievaboat-no-cd(722468882241290360)



Sent in 🤔unbelievaboat-no-cd(722468882241290360)



Sent in 🤔unbelievaboat-no-cd(722468882241290360)



Sent in 🤔unbelievaboat-no-cd(722468882241290360)



Sent in 🤔unbelievaboat-no-cd(722468882241290360)



Sent in 🤔unbelievaboat-no-cd(722468882241290360)

👍

Sent in welcome(686400252340600858)

Welcome <@550674285560332298> to OrangeEchoSauce. We now have 131 members! Please go to <#685056766118985733> and react. ONLY after that will you be able to see <#685071565963919365> to react for different bot channels. If you have any questions, feel free to DM <@!714001186897788934> , if the bot is offline, please DM one of the staff. If the bot is online state your issue and we will try to reply ASAP. Enjoy your stay here!!

Sent in welcome(686400252340600858)

Welcome <@661821919494012930> to OrangeEchoSauce. We now have 132 members! Please go to <#685056766118985733> and react. ONLY after that will you be able to see <#685071565963919365> to react for different bot channels. If you have any questions, feel free to DM <@!714001186897788934> , if the bot is offline, please DM one of the staff. If the bot is online state your issue and we will try to reply ASAP. Enjoy your stay here!!

Sent in welcome(686400252340600858)

Welcome <@675733553597775903> to OrangeEchoSauce. We now have 133 members! Please go to <#685056766118985733> and react. ONLY after that will you be able to see <#685071565963919365> to react for different bot channels. If you have any questions, feel free to DM <@!714001186897788934> , if the bot is offline, please DM one of the staff. If the bot is online state your issue and we will try to reply ASAP. Enjoy your stay here!!

Sent in welcome(686400252340600858)

Welcome <@695018250135797771> to OrangeEchoSauce. We now have 134 members! Please go to <#685056766118985733> and react. ONLY after that will you be able to see <#685071565963919365> to react for different bot channels. If you have any questions, feel free to DM <@!714001186897788934> , if the bot is offline, please DM one of the staff. If the bot is online state your issue and we will try to reply ASAP. Enjoy your stay here!!

Sent in welcome(686400252340600858)

Welcome <@616263896189108234> to OrangeEchoSauce. We now have 135 members! Please go to <#685056766118985733> and react. ONLY after that will you be able to see <#685071565963919365> to react for different bot channels. If you have any questions, feel free to DM <@!714001186897788934> , if the bot is offline, please DM one of the staff. If the bot is online state your issue and we will try to reply ASAP. Enjoy your stay here!!

Sent in welcome(686400252340600858)

Welcome <@482927335679590410> to OrangeEchoSauce. We now have 136 members! Please go to <#685056766118985733> and react. ONLY after that will you be able to see <#685071565963919365> to react for different bot channels. If you have any questions, feel free to DM <@!714001186897788934> , if the bot is offline, please DM one of the staff. If the bot is online state your issue and we will try to reply ASAP. Enjoy your stay here!!

Sent in welcome(686400252340600858)

Welcome <@406272205576601611> to OrangeEchoSauce. We now have 137 members! Please go to <#685056766118985733> and react. ONLY after that will you be able to see <#685071565963919365> to react for different bot channels. If you have any questions, feel free to DM <@!714001186897788934> , if the bot is offline, please DM one of the staff. If the bot is online state your issue and we will try to reply ASAP. Enjoy your stay here!!

Sent in welcome(686400252340600858)

Welcome <@343329964512509952> to OrangeEchoSauce. We now have 138 members! Please go to <#685056766118985733> and react. ONLY after that will you be able to see <#685071565963919365> to react for different bot channels. If you have any questions, feel free to DM <@!714001186897788934> , if the bot is offline, please DM one of the staff. If the bot is online state your issue and we will try to reply ASAP. Enjoy your stay here!!

Sent in welcome(686400252340600858)

Welcome <@290132854829088769> to OrangeEchoSauce. We now have 139 members! Please go to <#685056766118985733> and react. ONLY after that will you be able to see <#685071565963919365> to react for different bot channels. If you have any questions, feel free to DM <@!714001186897788934> , if the bot is offline, please DM one of the staff. If the bot is online state your issue and we will try to reply ASAP. Enjoy your stay here!!

Sent in welcome(686400252340600858)

Welcome <@356762380430082048> to OrangeEchoSauce. We now have 140 members! Please go to <#685056766118985733> and react. ONLY after that will you be able to see <#685071565963919365> to react for different bot channels. If you have any questions, feel free to DM <@!714001186897788934> , if the bot is offline, please DM one of the staff. If the bot is online state your issue and we will try to reply ASAP. Enjoy your stay here!!

Sent in welcome(686400252340600858)

Welcome <@401056956254519297> to OrangeEchoSauce. We now have 141 members! Please go to <#685056766118985733> and react. ONLY after that will you be able to see <#685071565963919365> to react for different bot channels. If you have any questions, feel free to DM <@!714001186897788934> , if the bot is offline, please DM one of the staff. If the bot is online state your issue and we will try to reply ASAP. Enjoy your stay here!!

Sent in welcome(686400252340600858)

Welcome <@467733724394422274> to OrangeEchoSauce. We now have 142 members! Please go to <#685056766118985733> and react. ONLY after that will you be able to see <#685071565963919365> to react for different bot channels. If you have any questions, feel free to DM <@!714001186897788934> , if the bot is offline, please DM one of the staff. If the bot is online state your issue and we will try to reply ASAP. Enjoy your stay here!!

Sent in welcome(686400252340600858)

Welcome <@513711976052949008> to OrangeEchoSauce. We now have 143 members! Please go to <#685056766118985733> and react. ONLY after that will you be able to see <#685071565963919365> to react for different bot channels. If you have any questions, feel free to DM <@!714001186897788934> , if the bot is offline, please DM one of the staff. If the bot is online state your issue and we will try to reply ASAP. Enjoy your stay here!!

Sent in welcome(686400252340600858)

Welcome <@657959364933451796> to OrangeEchoSauce. We now have 144 members! Please go to <#685056766118985733> and react. ONLY after that will you be able to see <#685071565963919365> to react for different bot channels. If you have any questions, feel free to DM <@!714001186897788934> , if the bot is offline, please DM one of the staff. If the bot is online state your issue and we will try to reply ASAP. Enjoy your stay here!!

Sent in welcome(686400252340600858)

Welcome <@689493321705455654> to OrangeEchoSauce. We now have 145 members! Please go to <#685056766118985733> and react. ONLY after that will you be able to see <#685071565963919365> to react for different bot channels. If you have any questions, feel free to DM <@!714001186897788934> , if the bot is offline, please DM one of the staff. If the bot is online state your issue and we will try to reply ASAP. Enjoy your stay here!!

Sent in welcome(686400252340600858)

Welcome <@623289141605433344> to OrangeEchoSauce. We now have 145 members! Please go to <#685056766118985733> and react. ONLY after that will you be able to see <#685071565963919365> to react for different bot channels. If you have any questions, feel free to DM <@!714001186897788934> , if the bot is offline, please DM one of the staff. If the bot is online state your issue and we will try to reply ASAP. Enjoy your stay here!!

Sent in welcome(686400252340600858)

Welcome <@415754361331777558> to OrangeEchoSauce. We now have 146 members! Please go to <#685056766118985733> and react. ONLY after that will you be able to see <#685071565963919365> to react for different bot channels. If you have any questions, feel free to DM <@!714001186897788934> , if the bot is offline, please DM one of the staff. If the bot is online state your issue and we will try to reply ASAP. Enjoy your stay here!!

Sent in welcome(686400252340600858)

Welcome <@604722518242099236> to OrangeEchoSauce. We now have 147 members! Please go to <#685056766118985733> and react. ONLY after that will you be able to see <#685071565963919365> to react for different bot channels. If you have any questions, feel free to DM <@!714001186897788934> , if the bot is offline, please DM one of the staff. If the bot is online state your issue and we will try to reply ASAP. Enjoy your stay here!!

Sent in welcome(686400252340600858)

Welcome <@375574118453608450> to OrangeEchoSauce. We now have 148 members! Please go to <#685056766118985733> and react. ONLY after that will you be able to see <#685071565963919365> to react for different bot channels. If you have any questions, feel free to DM <@!714001186897788934> , if the bot is offline, please DM one of the staff. If the bot is online state your issue and we will try to reply ASAP. Enjoy your stay here!!

Sent in welcome(686400252340600858)

Welcome <@391809402652590100> to OrangeEchoSauce. We now have 149 members! Please go to <#685056766118985733> and react. ONLY after that will you be able to see <#685071565963919365> to react for different bot channels. If you have any questions, feel free to DM <@!714001186897788934> , if the bot is offline, please DM one of the staff. If the bot is online state your issue and we will try to reply ASAP. Enjoy your stay here!!

Sent in welcome(686400252340600858)

Welcome <@712942935129456671> to OrangeEchoSauce. We now have 148 members! Please go to <#685056766118985733> and react. ONLY after that will you be able to see <#685071565963919365> to react for different bot channels. If you have any questions, feel free to DM <@!714001186897788934> , if the bot is offline, please DM one of the staff. If the bot is online state your issue and we will try to reply ASAP. Enjoy your stay here!!

Sent in welcome(686400252340600858)

Welcome <@435836005199642634> to OrangeEchoSauce. We now have 144 members! Please go to <#685056766118985733> and react. ONLY after that will you be able to see <#685071565963919365> to react for different bot channels. If you have any questions, feel free to DM <@!714001186897788934> , if the bot is offline, please DM one of the staff. If the bot is online state your issue and we will try to reply ASAP. Enjoy your stay here!!

Sent in welcome(686400252340600858)

Welcome <@708151722144432189> to OrangeEchoSauce. We now have 145 members! Please go to <#685056766118985733> and react. ONLY after that will you be able to see <#685071565963919365> to react for different bot channels. If you have any questions, feel free to DM <@!714001186897788934> , if the bot is offline, please DM one of the staff. If the bot is online state your issue and we will try to reply ASAP. Enjoy your stay here!!

Sent in welcome(686400252340600858)

Welcome <@640730248719237150> to OrangeEchoSauce. We now have 142 members! Please go to <#685056766118985733> and react. ONLY after that will you be able to see <#685071565963919365> to react for different bot channels. If you have any questions, feel free to DM <@!714001186897788934> , if the bot is offline, please DM one of the staff. If the bot is online state your issue and we will try to reply ASAP. Enjoy your stay here!!

Sent in welcome(686400252340600858)

Welcome <@601809297034182679> to OrangeEchoSauce. We now have 143 members! Please go to <#685056766118985733> and react. ONLY after that will you be able to see <#685071565963919365> to react for different bot channels. If you have any questions, feel free to DM <@!714001186897788934> , if the bot is offline, please DM one of the staff. If the bot is online state your issue and we will try to reply ASAP. Enjoy your stay here!!

Sent in welcome(686400252340600858)

Welcome <@569095789016776705> to OrangeEchoSauce. We now have 140 members! Please go to <#685056766118985733> and react. ONLY after that will you be able to see <#685071565963919365> to react for different bot channels. If you have any questions, feel free to DM <@!714001186897788934> , if the bot is offline, please DM one of the staff. If the bot is online state your issue and we will try to reply ASAP. Enjoy your stay here!!

Sent in welcome(686400252340600858)

Welcome <@696638255596175420> to OrangeEchoSauce. We now have 139 members! Please go to <#685056766118985733> and react. ONLY after that will you be able to see <#685071565963919365> to react for different bot channels. If you have any questions, feel free to DM <@!714001186897788934> , if the bot is offline, please DM one of the staff. If the bot is online state your issue and we will try to reply ASAP. Enjoy your stay here!!

Sent in welcome(686400252340600858)

Welcome <@718301753795280936> to OrangeEchoSauce. We now have 136 members! Please go to <#685056766118985733> and react. ONLY after that will you be able to see <#685071565963919365> to react for different bot channels. If you have any questions, feel free to DM <@!714001186897788934> , if the bot is offline, please DM one of the staff. If the bot is online state your issue and we will try to reply ASAP. Enjoy your stay here!!

Sent in goodbye(718797476571774976)

mega#3001 got shot, you will be missed from OrangeEchoSauce. We now have 130 members! sighs

Sent in goodbye(718797476571774976)

Fenilsh#8809 got shot, you will be missed from OrangeEchoSauce. We now have 129 members! sighs

Sent in welcome(686400252340600858)

Welcome <@675118790278643713> to OrangeEchoSauce. We now have 130 members! Please go to <#685056766118985733> and react. ONLY after that will you be able to see <#685071565963919365> to react for different bot channels. If you have any questions, feel free to DM <@!714001186897788934> , if the bot is offline, please DM one of the staff. If the bot is online state your issue and we will try to reply ASAP. Enjoy your stay here!!

Sent in welcome(686400252340600858)

Welcome <@705593129402892298> to OrangeEchoSauce. We now have 131 members! Please go to <#685056766118985733> and react. ONLY after that will you be able to see <#685071565963919365> to react for different bot channels. If you have any questions, feel free to DM <@!714001186897788934> , if the bot is offline, please DM one of the staff. If the bot is online state your issue and we will try to reply ASAP. Enjoy your stay here!!

Sent in welcome(686400252340600858)

Welcome <@538215420629483561> to OrangeEchoSauce. We now have 131 members! Please go to <#685056766118985733> and react. ONLY after that will you be able to see <#685071565963919365> to react for different bot channels. If you have any questions, feel free to DM <@!714001186897788934> , if the bot is offline, please DM one of the staff. If the bot is online state your issue and we will try to reply ASAP. Enjoy your stay here!!

Sent in goodbye(718797476571774976)

Cypher#9739 got shot, you will be missed from OrangeEchoSauce. We now have 130 members! sighs

Sent in goodbye(718797476571774976)

omega#7498 got shot, you will be missed from OrangeEchoSauce. We now have 127 members! sighs

Sent in goodbye(718797476571774976)

TotallyNotKiern#8377 got shot, you will be missed from OrangeEchoSauce. We now have 124 members! sighs

Sent in goodbye(718797476571774976)

カンナカムイ#7410 got shot, you will be missed from OrangeEchoSauce. We now have 123 members! sighs

Sent in welcome(686400252340600858)

Welcome <@729974057205891073> to OrangeEchoSauce. We now have 123 members! Please go to <#685056766118985733> and react. ONLY after that will you be able to see <#685071565963919365> to react for different bot channels. If you have any questions, feel free to DM <@!714001186897788934> , if the bot is offline, please DM one of the staff. If the bot is online state your issue and we will try to reply ASAP. Enjoy your stay here!!

Sent in goodbye(718797476571774976)

Ness#4000 got shot, you will be missed from OrangeEchoSauce. We now have 121 members! sighs