

Sent in 🎶groovy(685702874641989643)

g play https://www.youtube.com/watch?v=oNUCvVsoP1s

Sent in 🎶groovy(685702874641989643)

yes nuke

Sent in 🎶groovy(685702874641989643)

ik

Sent in orangeecho-internal-beta(736514611666223125)

oink

Sent in 🎶groovy(685702874641989643)

g dc

Sent in orangeecho-internal-beta(736514611666223125)

oinkkkk

Sent in orangeecho-internal-beta(736514611666223125)

>play https://www.youtube.com/watch?v=H4DRGn8ChiI&t=44s

Sent in orangeecho-internal-beta(736514611666223125)

>play https://www.youtube.com/watch?v=H4DRGn8ChiI&t=44s

Sent in orangeecho-internal-beta(736514611666223125)

no u

Sent in orangeecho-internal-beta(736514611666223125)

lol

Sent in orangeecho-internal-beta(736514611666223125)

fun

Sent in orangeecho-internal-beta(736514611666223125)

lol

Sent in orangeecho-internal-beta(736514611666223125)

idk

Sent in orangeecho-internal-beta(736514611666223125)

lol

Sent in orangeecho-internal-beta(736514611666223125)

not earape yet

Sent in orangeecho-internal-beta(736514611666223125)

>play https://www.youtube.com/watch?v=H4DRGn8ChiI&t=44s

Sent in orangeecho-internal-beta(736514611666223125)

o

Sent in orangeecho-internal-beta(736514611666223125)

i get it

Sent in orangeecho-internal-beta(736514611666223125)

slow

Sent in orangeecho-internal-beta(736514611666223125)

spid

Sent in orangeecho-internal-beta(736514611666223125)

onnect

Sent in orangeecho-internal-beta(736514611666223125)

no

Sent in orangeecho-internal-beta(736514611666223125)

ear

Sent in orangeecho-internal-beta(736514611666223125)

ape

Sent in orangeecho-internal-beta(736514611666223125)

fun

Sent in orangeecho-internal-beta(736514611666223125)

go boom boom

Sent in orangeecho-internal-beta(736514611666223125)

...

Sent in orangeecho-internal-beta(736514611666223125)

ok

Sent in orangeecho-internal-beta(736514611666223125)

i guess

Sent in orangeecho-internal-beta(736514611666223125)

?

Sent in orangeecho-internal-beta(736514611666223125)

ok

Sent in orangeecho-internal-beta(736514611666223125)

i dun know the rules

Sent in orangeecho-internal-beta(736514611666223125)

so

Sent in orangeecho-internal-beta(736514611666223125)

>play https://www.youtube.com/watch?v=H4DRGn8ChiI&t=44s

Sent in orangeecho-internal-beta(736514611666223125)

test

Sent in orangeecho-internal-beta(736514611666223125)

see

Sent in orangeecho-internal-beta(736514611666223125)

normal

Sent in orangeecho-internal-beta(736514611666223125)

fake nEws

Sent in orangeecho-internal-beta(736514611666223125)

jk

Sent in orangeecho-internal-beta(736514611666223125)

cardiac arrest

Sent in orangeecho-internal-beta(736514611666223125)

vibe check

Sent in orangeecho-internal-beta(736514611666223125)

anyways loading file

Sent in orangeecho-internal-beta(736514611666223125)

sending

Sent in orangeecho-internal-beta(736514611666223125)

lol

Sent in orangeecho-internal-beta(736514611666223125)

ah yes

Sent in orangeecho-internal-beta(736514611666223125)

i crashed

Sent in orangeecho-internal-beta(736514611666223125)

thicc sound file

Sent in orangeecho-internal-beta(736514611666223125)

laggg

Sent in orangeecho-internal-beta(736514611666223125)

thicc

Sent in orangeecho-internal-beta(736514611666223125)

sound

Sent in orangeecho-internal-beta(736514611666223125)

file

Sent in orangeecho-internal-beta(736514611666223125)

might have crashed

Sent in orangeecho-internal-beta(736514611666223125)

omg

Sent in orangeecho-internal-beta(736514611666223125)

it works